<?xml version="1.0" encoding="UTF-8"?>
<testsuite xmlns:xsi="http://www.w3.org/2001/XMLSchema-instance" xsi:noNamespaceSchemaLocation="https://maven.apache.org/surefire/maven-surefire-plugin/xsd/surefire-test-report-3.0.xsd" version="3.0" name="com.crm.payroll.service.impl.PayrollServiceImplTest" time="0.287" tests="7" errors="0" skipped="0" failures="0">
  <properties>
[...]
</properties>
  <testcase name="generateRejectsDuplicateDraft" classname="com.crm.payroll.service.impl.PayrollServiceImplTest" time="0.207"/>
  <testcase name="updateStatusMovesDraftToPaid" classname="com.crm.payroll.service.impl.PayrollServiceImplTest" time="0.026"/>
  <testcase name="updateStatusRejectsPaidToCancelled" classname="com.crm.payroll.service.impl.PayrollServiceImplTest" time="0.009"/>
  <testcase name="addFeeRecalculatesNet" classname="com.crm.payroll.service.impl.PayrollServiceImplTest" time="0.015"/>
  <testcase name="generateRejectsMissingSnapshot" classname="com.crm.payroll.service.impl.PayrollServiceImplTest" time="0.006"/>
  <testcase name="generateCreatesDraftAndPublishesEvent" classname="com.crm.payroll.service.impl.PayrollServiceImplTest" time="0.007"/>
  <testcase name="addFeeRejectedWhenNotDraft" classname="com.crm.payroll.service.impl.PayrollServiceImplTest" time="0.005"/>
</testsuite>